This is pdfTeX, Version 3.14159265-2.6-1.40.16 (MiKTeX 2.9 64-bit) (preloaded format=pdftex 2019.1.9)  23 MAR 2019 14:33
entering extended mode
**C:/Users/diego_000/Desktop/paper-toeplitz/tex/latex/seg/references.bib
(C:/Users/diego_000/Desktop/paper-toeplitz/tex/latex/seg/references.bib
! Missing $ inserted.
<inserted text> 
                $
<to be read again> 
                   _
l.17 	url={http://sites.mathdoc.fr/JMPA/PDF/JMPA_
                                                 1839_1_4_A11_0.pdf}
? 
! Emergency stop.
<inserted text> 
                $
<to be read again> 
                   _
l.17 	url={http://sites.mathdoc.fr/JMPA/PDF/JMPA_
                                                 1839_1_4_A11_0.pdf}
End of file on the terminal!

!  ==> Fatal error occurred, no output PDF file produced!
